<?xml version="1.0" encoding="UTF-8"?>
<!-- Generated by org.testng.reporters.JUnitReportReporter -->
<testsuite hostname="LAPTOP-D9UPN11K" failures="0" tests="1" name="com.mycompany.tests.GoogleSearchTest" time="1.816" errors="0" timestamp="2025-03-20T08:04:30 IST" skipped="0">
  <testcase classname="com.mycompany.tests.GoogleSearchTest" name="searchSelenium" time="1.816"/>
</testsuite> <!-- com.mycompany.tests.GoogleSearchTest -->
