<?xml version="1.0" encoding="UTF-8"?>
<!-- Generated by org.testng.reporters.JUnitReportReporter -->
<testsuite hostname="LAPTOP-D9UPN11K" failures="0" tests="1" name="com.mycompany.tests.GoogleSearchTest" time="2.216" errors="0" timestamp="2025-03-19T23:03:10 IST" skipped="0">
  <testcase classname="com.mycompany.tests.GoogleSearchTest" name="searchSelenium" time="2.216"/>
</testsuite> <!-- com.mycompany.tests.GoogleSearchTest -->
